Using pre-set license
Built from '2021.1/staging' branch; Version is '2021.1.13f1 (a03098edbbe0) revision 10498200'; Using compiler version '192528614'; Build Type 'Release'
OS: 'Windows 10 Pro; OS build 19042.1110; Version 2009; 64bit' Language: 'tr' Physical Memory: 8076 MB
BatchMode: 1, IsHumanControllingUs: 0, StartBugReporterOnCrash: 0, Is64bit: 1, IsPro: 0

 COMMAND LINE ARGUMENTS:
F:\Oyun Progmramlama\Uniy Versions\2021.1.13f1\Editor\Unity.exe
-adb2
-batchMode
-noUpm
-name
AssetImportWorker0
-projectPath
F:/Github/2D Archer Game
-logFile
Logs/AssetImportWorker0.log
-srvPort
56750
Successfully changed project path to: F:/Github/2D Archer Game
F:/Github/2D Archer Game
Using Asset Import Pipeline V2.
Refreshing native plugins compatible for Editor in 131.24 ms, found 4 plugins.
Preloading 0 native plugins for Editor in 0.00 ms.
Initialize engine version: 2021.1.13f1 (a03098edbbe0)
[Subsystems] Discovering subsystems at path F:/Oyun Progmramlama/Uniy Versions/2021.1.13f1/Editor/Data/Resources/UnitySubsystems
[Subsystems] Discovering subsystems at path F:/Github/2D Archer Game/Assets
GfxDevice: creating device client; threaded=0; jobified=0
Direct3D:
    Version:  Direct3D 11.0 [level 11.1]
    Renderer: NVIDIA GeForce GTX 1050 (ID=0x1c8d)
    Vendor:   NVIDIA
    VRAM:     4021 MB
    Driver:   24.21.13.9924
Initialize mono
Mono path[0] = 'F:/Oyun Progmramlama/Uniy Versions/2021.1.13f1/Editor/Data/Managed'
Mono path[1] = 'F:/Oyun Progmramlama/Uniy Versions/2021.1.13f1/Editor/Data/MonoBleedingEdge/lib/mono/unityjit'
Mono config path = 'F:/Oyun Progmramlama/Uniy Versions/2021.1.13f1/Editor/Data/MonoBleedingEdge/etc'
Using monoOptions --debugger-agent=transport=dt_socket,embedding=1,server=y,suspend=n,address=127.0.0.1:56468
Begin MonoManager ReloadAssembly
Registering precompiled unity dll's ...
Register platform support module: F:/Oyun Progmramlama/Uniy Versions/2021.1.13f1/Editor/Data/PlaybackEngines/WebGLSupport/UnityEditor.WebGL.Extensions.dll
Register platform support module: F:/Oyun Progmramlama/Uniy Versions/2021.1.13f1/Editor/Data/PlaybackEngines/WindowsStandaloneSupport/UnityEditor.WindowsStandalone.Extensions.dll
Registered in 0.005010 seconds.
Native extension for WindowsStandalone target not found
Native extension for WebGL target not found
Refreshing native plugins compatible for Editor in 120.44 ms, found 4 plugins.
Preloading 0 native plugins for Editor in 0.00 ms.
Mono: successfully reloaded assembly
- Completed reload, in  2.717 seconds
Domain Reload Profiling:
	ReloadAssembly (2717ms)
		BeginReloadAssembly (82ms)
			ExecutionOrderSort (0ms)
			DisableScriptedObjects (0ms)
			BackupInstance (0ms)
			ReleaseScriptingObjects (0ms)
			CreateAndSetChildDomain (1ms)
		EndReloadAssembly (571ms)
			LoadAssemblies (77ms)
			RebuildTransferFunctionScriptingTraits (0ms)
			SetupTypeCache (193ms)
			ReleaseScriptCaches (0ms)
			RebuildScriptCaches (35ms)
			SetupLoadedEditorAssemblies (283ms)
				LogAssemblyErrors (0ms)
				InitializePlatformSupportModulesInManaged (8ms)
				SetLoadedEditorAssemblies (0ms)
				RefreshPlugins (121ms)
				BeforeProcessingInitializeOnLoad (1ms)
				ProcessInitializeOnLoadAttributes (118ms)
				ProcessInitializeOnLoadMethodAttributes (35ms)
				AfterProcessingInitializeOnLoad (0ms)
				EditorAssembliesLoaded (0ms)
			ExecutionOrderSort2 (0ms)
			AwakeInstancesAfterBackupRestoration (0ms)
Platform modules already initialized, skipping
Registering precompiled user dll's ...
Registered in 0.012173 seconds.
Begin MonoManager ReloadAssembly
Symbol file LoadedFromMemory doesn't match image F:\Github\2D Archer Game\Library\PackageCache\com.unity.visualscripting@1.6.1\Editor\VisualScripting.Core\Dependencies\YamlDotNet\Unity.VisualScripting.YamlDotNet.dll
Symbol file LoadedFromMemory doesn't match image F:\Github\2D Archer Game\Library\PackageCache\com.unity.visualscripting@1.6.1\Editor\VisualScripting.Core\Dependencies\DotNetZip\Unity.VisualScripting.IonicZip.dll
Native extension for WindowsStandalone target not found
Native extension for WebGL target not found
Refreshing native plugins compatible for Editor in 135.99 ms, found 4 plugins.
Preloading 0 native plugins for Editor in 0.00 ms.
Mono: successfully reloaded assembly
- Completed reload, in  1.896 seconds
Domain Reload Profiling:
	ReloadAssembly (1897ms)
		BeginReloadAssembly (234ms)
			ExecutionOrderSort (0ms)
			DisableScriptedObjects (6ms)
			BackupInstance (0ms)
			ReleaseScriptingObjects (0ms)
			CreateAndSetChildDomain (31ms)
		EndReloadAssembly (1563ms)
			LoadAssemblies (347ms)
			RebuildTransferFunctionScriptingTraits (0ms)
			SetupTypeCache (460ms)
			ReleaseScriptCaches (1ms)
			RebuildScriptCaches (72ms)
			SetupLoadedEditorAssemblies (577ms)
				LogAssemblyErrors (0ms)
				InitializePlatformSupportModulesInManaged (6ms)
				SetLoadedEditorAssemblies (0ms)
				RefreshPlugins (136ms)
				BeforeProcessingInitializeOnLoad (135ms)
				ProcessInitializeOnLoadAttributes (266ms)
				ProcessInitializeOnLoadMethodAttributes (18ms)
				AfterProcessingInitializeOnLoad (15ms)
				EditorAssembliesLoaded (0ms)
			ExecutionOrderSort2 (0ms)
			AwakeInstancesAfterBackupRestoration (7ms)
Platform modules already initialized, skipping
========================================================================
Worker process is ready to serve import requests
Launched and connected shader compiler UnityShaderCompiler.exe after 0.06 seconds
Refreshing native plugins compatible for Editor in 1.14 ms, found 4 plugins.
Preloading 0 native plugins for Editor in 0.00 ms.
Unloading 3812 Unused Serialized files (Serialized files now loaded: 0)
System memory in use before: 142.3 MB.
System memory in use after: 142.4 MB.

Unloading 37 unused Assets to reduce memory usage. Loaded Objects now: 4260.
Total: 4.816400 ms (FindLiveObjects: 0.353300 ms CreateObjectMapping: 0.247700 ms MarkObjects: 3.945600 ms  DeleteObjects: 0.249700 ms)

AssetImportParameters requested are different than current active one (requested -> active):
  custom:framework-win-MediaFoundation: 216162199b28c13a410421893ffa2e32 -> 
  custom:video-decoder-ogg-theora: a1e56fd34408186e4bbccfd4996cb3dc -> 
  custom:container-muxer-webm: aa71ff27fc2769a1b78a27578f13a17b -> 
  custom:container-demuxer-webm: 4f35f7cbe854078d1ac9338744f61a02 -> 
  custom:container-demuxer-ogg: 62fdf1f143b41e24485cea50d1cbac27 -> 
  custom:video-encoder-webm-vp8: eb34c28f22e8b96e1ab97ce403110664 -> 
  custom:video-decoder-webm-vp8: 9c59270c3fd7afecdb556c50c9e8de78 -> 
  custom:audio-decoder-ogg-vorbis: bf7c407c2cedff20999df2af8eb42d56 -> 
  custom:audio-encoder-webm-vorbis: bf7c407c2cedff20999df2af8eb42d56 -> 
========================================================================
Received Import Request.
  path: Assets/Prefabs/Arrow-001.prefab
  artifactKey: Guid(810d4272b2d99f04a86c66ed694ecce6) Importer(815301076,1909f56bfc062723c751e8b465ee728b)
Start importing Assets/Prefabs/Arrow-001.prefab using Guid(810d4272b2d99f04a86c66ed694ecce6) Importer(815301076,1909f56bfc062723c751e8b465ee728b)  -> (artifact id: 'e89d70fb5f727ac29f8af9165aad7632') in 0.148812 seconds 
========================================================================
Received Import Request.
  Time since last request: 0.587892 seconds.
  path: Assets/Prefabs/Arrow-001.prefab
  artifactKey: Guid(810d4272b2d99f04a86c66ed694ecce6) Importer(815301076,1909f56bfc062723c751e8b465ee728b)
Start importing Assets/Prefabs/Arrow-001.prefab using Guid(810d4272b2d99f04a86c66ed694ecce6) Importer(815301076,1909f56bfc062723c751e8b465ee728b)  -> (artifact id: '7d294fb977425e70d2036786de4aa8f7') in 0.013326 seconds 
========================================================================
Received Import Request.
  Time since last request: 2.742225 seconds.
  path: Assets/Prefabs/Arrow-001.prefab
  artifactKey: Guid(810d4272b2d99f04a86c66ed694ecce6) Importer(815301076,1909f56bfc062723c751e8b465ee728b)
Start importing Assets/Prefabs/Arrow-001.prefab using Guid(810d4272b2d99f04a86c66ed694ecce6) Importer(815301076,1909f56bfc062723c751e8b465ee728b)  -> (artifact id: 'b8a7da9b3fb5730d0a16f20f0bff2806') in 0.012599 seconds 
========================================================================
Received Import Request.
  Time since last request: 7.524472 seconds.
  path: Assets/Prefabs/Arrow-001.prefab
  artifactKey: Guid(810d4272b2d99f04a86c66ed694ecce6) Importer(815301076,1909f56bfc062723c751e8b465ee728b)
Start importing Assets/Prefabs/Arrow-001.prefab using Guid(810d4272b2d99f04a86c66ed694ecce6) Importer(815301076,1909f56bfc062723c751e8b465ee728b)  -> (artifact id: 'daec30031ce786f3b161bf90709567fc') in 0.032600 seconds 
========================================================================
Received Import Request.
  Time since last request: 1.581666 seconds.
  path: Assets/Prefabs/Arrow-001.prefab
  artifactKey: Guid(810d4272b2d99f04a86c66ed694ecce6) Importer(815301076,1909f56bfc062723c751e8b465ee728b)
Start importing Assets/Prefabs/Arrow-001.prefab using Guid(810d4272b2d99f04a86c66ed694ecce6) Importer(815301076,1909f56bfc062723c751e8b465ee728b)  -> (artifact id: '01c4c498d018d22349fb75343c0908fa') in 0.009134 seconds 
========================================================================
Received Import Request.
  Time since last request: 1.008100 seconds.
  path: Assets/Prefabs/Arrow-001.prefab
  artifactKey: Guid(810d4272b2d99f04a86c66ed694ecce6) Importer(815301076,1909f56bfc062723c751e8b465ee728b)
Start importing Assets/Prefabs/Arrow-001.prefab using Guid(810d4272b2d99f04a86c66ed694ecce6) Importer(815301076,1909f56bfc062723c751e8b465ee728b)  -> (artifact id: 'd04c35b49bdeadf5dff7d618aab1330d') in 0.016511 seconds 
========================================================================
Received Import Request.
  Time since last request: 10.115434 seconds.
  path: Assets/Prefabs/Arrow-001.prefab
  artifactKey: Guid(810d4272b2d99f04a86c66ed694ecce6) Importer(815301076,1909f56bfc062723c751e8b465ee728b)
Start importing Assets/Prefabs/Arrow-001.prefab using Guid(810d4272b2d99f04a86c66ed694ecce6) Importer(815301076,1909f56bfc062723c751e8b465ee728b)  -> (artifact id: 'e114e80bb83c99e1ffd3376a249dcefd') in 0.014817 seconds 
========================================================================
Received Import Request.
  Time since last request: 15.971386 seconds.
  path: Assets/Prefabs/Arrow-001.prefab
  artifactKey: Guid(810d4272b2d99f04a86c66ed694ecce6) Importer(815301076,1909f56bfc062723c751e8b465ee728b)
Start importing Assets/Prefabs/Arrow-001.prefab using Guid(810d4272b2d99f04a86c66ed694ecce6) Importer(815301076,1909f56bfc062723c751e8b465ee728b)  -> (artifact id: '31a8d47d7590e3cf74185043ac5cea30') in 0.013826 seconds 
========================================================================
Received Import Request.
  Time since last request: 8.006968 seconds.
  path: Assets/Prefabs/Arrow-001.prefab
  artifactKey: Guid(810d4272b2d99f04a86c66ed694ecce6) Importer(815301076,1909f56bfc062723c751e8b465ee728b)
Start importing Assets/Prefabs/Arrow-001.prefab using Guid(810d4272b2d99f04a86c66ed694ecce6) Importer(815301076,1909f56bfc062723c751e8b465ee728b)  -> (artifact id: '0ef8b7927764f7685c3b7db9571f78a6') in 0.011630 seconds 
========================================================================
Received Import Request.
  Time since last request: 3.899977 seconds.
  path: Assets/Prefabs/Arrow-001.prefab
  artifactKey: Guid(810d4272b2d99f04a86c66ed694ecce6) Importer(815301076,1909f56bfc062723c751e8b465ee728b)
Start importing Assets/Prefabs/Arrow-001.prefab using Guid(810d4272b2d99f04a86c66ed694ecce6) Importer(815301076,1909f56bfc062723c751e8b465ee728b)  -> (artifact id: '7a7d40f948cd4c632e9c2fb07199c901') in 0.010929 seconds 
========================================================================
Received Import Request.
  Time since last request: 1.781158 seconds.
  path: Assets/Prefabs/Arrow-001.prefab
  artifactKey: Guid(810d4272b2d99f04a86c66ed694ecce6) Importer(815301076,1909f56bfc062723c751e8b465ee728b)
Start importing Assets/Prefabs/Arrow-001.prefab using Guid(810d4272b2d99f04a86c66ed694ecce6) Importer(815301076,1909f56bfc062723c751e8b465ee728b)  -> (artifact id: '71b742b8ad9a92cd994a95c3e00c9e95') in 0.010642 seconds 
========================================================================
Received Import Request.
  Time since last request: 5.534555 seconds.
  path: Assets/Prefabs/Arrow-001.prefab
  artifactKey: Guid(810d4272b2d99f04a86c66ed694ecce6) Importer(815301076,1909f56bfc062723c751e8b465ee728b)
Start importing Assets/Prefabs/Arrow-001.prefab using Guid(810d4272b2d99f04a86c66ed694ecce6) Importer(815301076,1909f56bfc062723c751e8b465ee728b)  -> (artifact id: '5375dc10c21ebdc15025c22ca36009c0') in 0.010099 seconds 
========================================================================
Received Import Request.
  Time since last request: 4.304916 seconds.
  path: Assets/Prefabs/Arrow-001.prefab
  artifactKey: Guid(810d4272b2d99f04a86c66ed694ecce6) Importer(815301076,1909f56bfc062723c751e8b465ee728b)
Start importing Assets/Prefabs/Arrow-001.prefab using Guid(810d4272b2d99f04a86c66ed694ecce6) Importer(815301076,1909f56bfc062723c751e8b465ee728b)  -> (artifact id: '5bc95d4937b24d2aecaf6d5d18d8fb1b') in 0.011095 seconds 
========================================================================
Received Import Request.
  Time since last request: 3.212755 seconds.
  path: Assets/Prefabs/Arrow-001.prefab
  artifactKey: Guid(810d4272b2d99f04a86c66ed694ecce6) Importer(815301076,1909f56bfc062723c751e8b465ee728b)
Start importing Assets/Prefabs/Arrow-001.prefab using Guid(810d4272b2d99f04a86c66ed694ecce6) Importer(815301076,1909f56bfc062723c751e8b465ee728b)  -> (artifact id: '040671f65a6a3fad01c542cfd20e3c80') in 0.011233 seconds 
========================================================================
Received Import Request.
  Time since last request: 4.268381 seconds.
  path: Assets/Prefabs/Arrow-001.prefab
  artifactKey: Guid(810d4272b2d99f04a86c66ed694ecce6) Importer(815301076,1909f56bfc062723c751e8b465ee728b)
Start importing Assets/Prefabs/Arrow-001.prefab using Guid(810d4272b2d99f04a86c66ed694ecce6) Importer(815301076,1909f56bfc062723c751e8b465ee728b)  -> (artifact id: '8e18490f01f984731be8c66b748f1ca3') in 0.010908 seconds 
========================================================================
Received Import Request.
  Time since last request: 3.480949 seconds.
  path: Assets/Prefabs/Arrow-001.prefab
  artifactKey: Guid(810d4272b2d99f04a86c66ed694ecce6) Importer(815301076,1909f56bfc062723c751e8b465ee728b)
Start importing Assets/Prefabs/Arrow-001.prefab using Guid(810d4272b2d99f04a86c66ed694ecce6) Importer(815301076,1909f56bfc062723c751e8b465ee728b)  -> (artifact id: 'fa7d74e53ebdfde7aa8cde722fb00be4') in 0.012167 seconds 
========================================================================
Received Import Request.
  Time since last request: 3.638207 seconds.
  path: Assets/Prefabs/Arrow-001.prefab
  artifactKey: Guid(810d4272b2d99f04a86c66ed694ecce6) Importer(815301076,1909f56bfc062723c751e8b465ee728b)
Start importing Assets/Prefabs/Arrow-001.prefab using Guid(810d4272b2d99f04a86c66ed694ecce6) Importer(815301076,1909f56bfc062723c751e8b465ee728b)  -> (artifact id: '449d13a6fac59959a5c2fac19f3aedc1') in 0.041606 seconds 
========================================================================
Received Import Request.
  Time since last request: 3.260167 seconds.
  path: Assets/Prefabs/Arrow-001.prefab
  artifactKey: Guid(810d4272b2d99f04a86c66ed694ecce6) Importer(815301076,1909f56bfc062723c751e8b465ee728b)
Start importing Assets/Prefabs/Arrow-001.prefab using Guid(810d4272b2d99f04a86c66ed694ecce6) Importer(815301076,1909f56bfc062723c751e8b465ee728b)  -> (artifact id: '7625d52e9c4474db97fb8df14766a3b3') in 0.011405 seconds 
========================================================================
Received Import Request.
  Time since last request: 2.235553 seconds.
  path: Assets/Prefabs/Arrow-001.prefab
  artifactKey: Guid(810d4272b2d99f04a86c66ed694ecce6) Importer(815301076,1909f56bfc062723c751e8b465ee728b)
Start importing Assets/Prefabs/Arrow-001.prefab using Guid(810d4272b2d99f04a86c66ed694ecce6) Importer(815301076,1909f56bfc062723c751e8b465ee728b)  -> (artifact id: '1c3118010289f92e14b18913aaa59f87') in 0.012730 seconds 
========================================================================
Received Import Request.
  Time since last request: 3.645315 seconds.
  path: Assets/Prefabs/Arrow-001.prefab
  artifactKey: Guid(810d4272b2d99f04a86c66ed694ecce6) Importer(815301076,1909f56bfc062723c751e8b465ee728b)
Start importing Assets/Prefabs/Arrow-001.prefab using Guid(810d4272b2d99f04a86c66ed694ecce6) Importer(815301076,1909f56bfc062723c751e8b465ee728b)  -> (artifact id: '43b78a8326bad9ca039cc4a5c71be3e9') in 0.010741 seconds 
========================================================================
Received Import Request.
  Time since last request: 3.180844 seconds.
  path: Assets/Prefabs/Arrow-001.prefab
  artifactKey: Guid(810d4272b2d99f04a86c66ed694ecce6) Importer(815301076,1909f56bfc062723c751e8b465ee728b)
Start importing Assets/Prefabs/Arrow-001.prefab using Guid(810d4272b2d99f04a86c66ed694ecce6) Importer(815301076,1909f56bfc062723c751e8b465ee728b)  -> (artifact id: '6380aa2058e1c6a4970cadea1f01b17d') in 0.011971 seconds 
========================================================================
Received Import Request.
  Time since last request: 6.732573 seconds.
  path: Assets/Prefabs/Arrow-001.prefab
  artifactKey: Guid(810d4272b2d99f04a86c66ed694ecce6) Importer(815301076,1909f56bfc062723c751e8b465ee728b)
Start importing Assets/Prefabs/Arrow-001.prefab using Guid(810d4272b2d99f04a86c66ed694ecce6) Importer(815301076,1909f56bfc062723c751e8b465ee728b)  -> (artifact id: '4677d52924992619bde71f10c09db50a') in 0.012116 seconds 
========================================================================
Received Import Request.
  Time since last request: 3.444852 seconds.
  path: Assets/Prefabs/Arrow-001.prefab
  artifactKey: Guid(810d4272b2d99f04a86c66ed694ecce6) Importer(815301076,1909f56bfc062723c751e8b465ee728b)
Start importing Assets/Prefabs/Arrow-001.prefab using Guid(810d4272b2d99f04a86c66ed694ecce6) Importer(815301076,1909f56bfc062723c751e8b465ee728b)  -> (artifact id: 'a42a8f8298d770ca91bc66eccae8d03a') in 0.012621 seconds 
========================================================================
Received Import Request.
  Time since last request: 12.014711 seconds.
  path: Assets/Prefabs/Arrow Ai 1.prefab
  artifactKey: Guid(1b6bf0cc4b9e9f84c85afb4fb08b6d62) Importer(815301076,1909f56bfc062723c751e8b465ee728b)
Start importing Assets/Prefabs/Arrow Ai 1.prefab using Guid(1b6bf0cc4b9e9f84c85afb4fb08b6d62) Importer(815301076,1909f56bfc062723c751e8b465ee728b)  -> (artifact id: '5d47057020f02d275189f139efde028a') in 0.017032 seconds 
========================================================================
Received Import Request.
  Time since last request: 9.184770 seconds.
  path: Assets/Prefabs/Arrow Ai 1.prefab
  artifactKey: Guid(1b6bf0cc4b9e9f84c85afb4fb08b6d62) Importer(815301076,1909f56bfc062723c751e8b465ee728b)
Start importing Assets/Prefabs/Arrow Ai 1.prefab using Guid(1b6bf0cc4b9e9f84c85afb4fb08b6d62) Importer(815301076,1909f56bfc062723c751e8b465ee728b)  -> (artifact id: 'faf26ea35a7c1eed5b49c3f9a31e0cc9') in 0.095673 seconds 
========================================================================
Received Import Request.
  Time since last request: 5.479020 seconds.
  path: Assets/Prefabs/Arrow Ai 1.prefab
  artifactKey: Guid(1b6bf0cc4b9e9f84c85afb4fb08b6d62) Importer(815301076,1909f56bfc062723c751e8b465ee728b)
Start importing Assets/Prefabs/Arrow Ai 1.prefab using Guid(1b6bf0cc4b9e9f84c85afb4fb08b6d62) Importer(815301076,1909f56bfc062723c751e8b465ee728b)  -> (artifact id: '1be972c5c3b123e8e703e68122286c97') in 0.074818 seconds 
========================================================================
Received Import Request.
  Time since last request: 2.946825 seconds.
  path: Assets/Prefabs/Arrow Ai 1.prefab
  artifactKey: Guid(1b6bf0cc4b9e9f84c85afb4fb08b6d62) Importer(815301076,1909f56bfc062723c751e8b465ee728b)
Start importing Assets/Prefabs/Arrow Ai 1.prefab using Guid(1b6bf0cc4b9e9f84c85afb4fb08b6d62) Importer(815301076,1909f56bfc062723c751e8b465ee728b)  -> (artifact id: 'ad5aa7ba2fb01da7db46a1796897a8d1') in 0.011834 seconds 
========================================================================
Received Import Request.
  Time since last request: 2.807562 seconds.
  path: Assets/Prefabs/Arrow Ai 1.prefab
  artifactKey: Guid(1b6bf0cc4b9e9f84c85afb4fb08b6d62) Importer(815301076,1909f56bfc062723c751e8b465ee728b)
Start importing Assets/Prefabs/Arrow Ai 1.prefab using Guid(1b6bf0cc4b9e9f84c85afb4fb08b6d62) Importer(815301076,1909f56bfc062723c751e8b465ee728b)  -> (artifact id: '5e5ff5c1096678f4a10eb3e5bf0a79bb') in 0.011125 seconds 
========================================================================
Received Import Request.
  Time since last request: 9.924622 seconds.
  path: Assets/Prefabs/Arrow Ai 1.prefab
  artifactKey: Guid(1b6bf0cc4b9e9f84c85afb4fb08b6d62) Importer(815301076,1909f56bfc062723c751e8b465ee728b)
Start importing Assets/Prefabs/Arrow Ai 1.prefab using Guid(1b6bf0cc4b9e9f84c85afb4fb08b6d62) Importer(815301076,1909f56bfc062723c751e8b465ee728b)  -> (artifact id: '841fd7591dd6c1f48cb26e84348345df') in 0.012132 seconds 
========================================================================
Received Import Request.
  Time since last request: 4.500108 seconds.
  path: Assets/Prefabs/Arrow Ai 1.prefab
  artifactKey: Guid(1b6bf0cc4b9e9f84c85afb4fb08b6d62) Importer(815301076,1909f56bfc062723c751e8b465ee728b)
Start importing Assets/Prefabs/Arrow Ai 1.prefab using Guid(1b6bf0cc4b9e9f84c85afb4fb08b6d62) Importer(815301076,1909f56bfc062723c751e8b465ee728b)  -> (artifact id: 'e74788ae61ae366ebe5a9938dcf96548') in 0.010446 seconds 
========================================================================
Received Import Request.
  Time since last request: 2.225884 seconds.
  path: Assets/Prefabs/Arrow Ai 1.prefab
  artifactKey: Guid(1b6bf0cc4b9e9f84c85afb4fb08b6d62) Importer(815301076,1909f56bfc062723c751e8b465ee728b)
Start importing Assets/Prefabs/Arrow Ai 1.prefab using Guid(1b6bf0cc4b9e9f84c85afb4fb08b6d62) Importer(815301076,1909f56bfc062723c751e8b465ee728b)  -> (artifact id: 'b65951e3fd43083510b36eb3261b18a0') in 0.011622 seconds 
========================================================================
Received Import Request.
  Time since last request: 2.231386 seconds.
  path: Assets/Prefabs/Arrow Ai 1.prefab
  artifactKey: Guid(1b6bf0cc4b9e9f84c85afb4fb08b6d62) Importer(815301076,1909f56bfc062723c751e8b465ee728b)
Start importing Assets/Prefabs/Arrow Ai 1.prefab using Guid(1b6bf0cc4b9e9f84c85afb4fb08b6d62) Importer(815301076,1909f56bfc062723c751e8b465ee728b)  -> (artifact id: '7334d7f1e80eb0976e5026cfd7aaa612') in 0.647923 seconds 
========================================================================
Received Import Request.
  Time since last request: 3.014780 seconds.
  path: Assets/Prefabs/Arrow Ai 1.prefab
  artifactKey: Guid(1b6bf0cc4b9e9f84c85afb4fb08b6d62) Importer(815301076,1909f56bfc062723c751e8b465ee728b)
Start importing Assets/Prefabs/Arrow Ai 1.prefab using Guid(1b6bf0cc4b9e9f84c85afb4fb08b6d62) Importer(815301076,1909f56bfc062723c751e8b465ee728b)  -> (artifact id: '1259cc57df6cfa4f1dd460a2adae24f6') in 0.043259 seconds 
========================================================================
Received Import Request.
  Time since last request: 2.427003 seconds.
  path: Assets/Prefabs/Arrow Ai 1.prefab
  artifactKey: Guid(1b6bf0cc4b9e9f84c85afb4fb08b6d62) Importer(815301076,1909f56bfc062723c751e8b465ee728b)
Start importing Assets/Prefabs/Arrow Ai 1.prefab using Guid(1b6bf0cc4b9e9f84c85afb4fb08b6d62) Importer(815301076,1909f56bfc062723c751e8b465ee728b)  -> (artifact id: 'e501f3c2c40215f6190ba5651561b72d') in 0.012562 seconds 
========================================================================
Received Import Request.
  Time since last request: 2.842690 seconds.
  path: Assets/Prefabs/Arrow Ai 1.prefab
  artifactKey: Guid(1b6bf0cc4b9e9f84c85afb4fb08b6d62) Importer(815301076,1909f56bfc062723c751e8b465ee728b)
Start importing Assets/Prefabs/Arrow Ai 1.prefab using Guid(1b6bf0cc4b9e9f84c85afb4fb08b6d62) Importer(815301076,1909f56bfc062723c751e8b465ee728b)  -> (artifact id: '1b28ab2ed0265c49633807a8edec72f0') in 0.012323 seconds 
========================================================================
Received Prepare
Registering precompiled user dll's ...
Registered in 0.011202 seconds.
Begin MonoManager ReloadAssembly
Symbol file LoadedFromMemory doesn't match image F:\Github\2D Archer Game\Library\PackageCache\com.unity.visualscripting@1.6.1\Editor\VisualScripting.Core\Dependencies\YamlDotNet\Unity.VisualScripting.YamlDotNet.dll
Symbol file LoadedFromMemory doesn't match image F:\Github\2D Archer Game\Library\PackageCache\com.unity.visualscripting@1.6.1\Editor\VisualScripting.Core\Dependencies\DotNetZip\Unity.VisualScripting.IonicZip.dll
Native extension for WindowsStandalone target not found
Native extension for WebGL target not found
Refreshing native plugins compatible for Editor in 0.77 ms, found 4 plugins.
Preloading 0 native plugins for Editor in 0.00 ms.
Mono: successfully reloaded assembly
- Completed reload, in  1.405 seconds
Domain Reload Profiling:
	ReloadAssembly (1405ms)
		BeginReloadAssembly (175ms)
			ExecutionOrderSort (0ms)
			DisableScriptedObjects (9ms)
			BackupInstance (0ms)
			ReleaseScriptingObjects (0ms)
			CreateAndSetChildDomain (56ms)
		EndReloadAssembly (1130ms)
			LoadAssemblies (147ms)
			RebuildTransferFunctionScriptingTraits (0ms)
			SetupTypeCache (434ms)
			ReleaseScriptCaches (1ms)
			RebuildScriptCaches (49ms)
			SetupLoadedEditorAssemblies (388ms)
				LogAssemblyErrors (0ms)
				InitializePlatformSupportModulesInManaged (7ms)
				SetLoadedEditorAssemblies (0ms)
				RefreshPlugins (1ms)
				BeforeProcessingInitializeOnLoad (99ms)
				ProcessInitializeOnLoadAttributes (256ms)
				ProcessInitializeOnLoadMethodAttributes (10ms)
				AfterProcessingInitializeOnLoad (15ms)
				EditorAssembliesLoaded (0ms)
			ExecutionOrderSort2 (0ms)
			AwakeInstancesAfterBackupRestoration (12ms)
Platform modules already initialized, skipping
Refreshing native plugins compatible for Editor in 0.89 ms, found 4 plugins.
Preloading 0 native plugins for Editor in 0.00 ms.
Unloading 3803 Unused Serialized files (Serialized files now loaded: 0)
System memory in use before: 146.1 MB.
System memory in use after: 146.2 MB.

Unloading 26 unused Assets to reduce memory usage. Loaded Objects now: 4270.
Total: 4.543200 ms (FindLiveObjects: 0.538100 ms CreateObjectMapping: 0.937700 ms MarkObjects: 2.904600 ms  DeleteObjects: 0.160800 ms)

AssetImportParameters requested are different than current active one (requested -> active):
  custom:framework-win-MediaFoundation: 216162199b28c13a410421893ffa2e32 -> 
  custom:video-decoder-ogg-theora: a1e56fd34408186e4bbccfd4996cb3dc -> 
  custom:container-muxer-webm: aa71ff27fc2769a1b78a27578f13a17b -> 
  custom:container-demuxer-webm: 4f35f7cbe854078d1ac9338744f61a02 -> 
  custom:container-demuxer-ogg: 62fdf1f143b41e24485cea50d1cbac27 -> 
  custom:video-encoder-webm-vp8: eb34c28f22e8b96e1ab97ce403110664 -> 
  custom:video-decoder-webm-vp8: 9c59270c3fd7afecdb556c50c9e8de78 -> 
  custom:audio-decoder-ogg-vorbis: bf7c407c2cedff20999df2af8eb42d56 -> 
  custom:audio-encoder-webm-vorbis: bf7c407c2cedff20999df2af8eb42d56 -> 
========================================================================
Received Prepare
Registering precompiled user dll's ...
Registered in 0.011841 seconds.
Begin MonoManager ReloadAssembly
Symbol file LoadedFromMemory doesn't match image F:\Github\2D Archer Game\Library\PackageCache\com.unity.visualscripting@1.6.1\Editor\VisualScripting.Core\Dependencies\YamlDotNet\Unity.VisualScripting.YamlDotNet.dll
Symbol file LoadedFromMemory doesn't match image F:\Github\2D Archer Game\Library\PackageCache\com.unity.visualscripting@1.6.1\Editor\VisualScripting.Core\Dependencies\DotNetZip\Unity.VisualScripting.IonicZip.dll
Native extension for WindowsStandalone target not found
Native extension for WebGL target not found
Refreshing native plugins compatible for Editor in 0.79 ms, found 4 plugins.
Preloading 0 native plugins for Editor in 0.00 ms.
Mono: successfully reloaded assembly
- Completed reload, in  1.561 seconds
Domain Reload Profiling:
	ReloadAssembly (1561ms)
		BeginReloadAssembly (204ms)
			ExecutionOrderSort (0ms)
			DisableScriptedObjects (12ms)
			BackupInstance (0ms)
			ReleaseScriptingObjects (0ms)
			CreateAndSetChildDomain (81ms)
		EndReloadAssembly (1265ms)
			LoadAssemblies (141ms)
			RebuildTransferFunctionScriptingTraits (0ms)
			SetupTypeCache (448ms)
			ReleaseScriptCaches (1ms)
			RebuildScriptCaches (56ms)
			SetupLoadedEditorAssemblies (478ms)
				LogAssemblyErrors (0ms)
				InitializePlatformSupportModulesInManaged (7ms)
				SetLoadedEditorAssemblies (0ms)
				RefreshPlugins (1ms)
				BeforeProcessingInitializeOnLoad (114ms)
				ProcessInitializeOnLoadAttributes (315ms)
				ProcessInitializeOnLoadMethodAttributes (20ms)
				AfterProcessingInitializeOnLoad (21ms)
				EditorAssembliesLoaded (0ms)
			ExecutionOrderSort2 (0ms)
			AwakeInstancesAfterBackupRestoration (17ms)
Platform modules already initialized, skipping
Refreshing native plugins compatible for Editor in 0.83 ms, found 4 plugins.
Preloading 0 native plugins for Editor in 0.00 ms.
Unloading 3803 Unused Serialized files (Serialized files now loaded: 0)
System memory in use before: 146.2 MB.
System memory in use after: 146.3 MB.

Unloading 26 unused Assets to reduce memory usage. Loaded Objects now: 4273.
Total: 4.798800 ms (FindLiveObjects: 0.544200 ms CreateObjectMapping: 0.240400 ms MarkObjects: 3.804300 ms  DeleteObjects: 0.208800 ms)

AssetImportParameters requested are different than current active one (requested -> active):
  custom:framework-win-MediaFoundation: 216162199b28c13a410421893ffa2e32 -> 
  custom:video-decoder-ogg-theora: a1e56fd34408186e4bbccfd4996cb3dc -> 
  custom:container-muxer-webm: aa71ff27fc2769a1b78a27578f13a17b -> 
  custom:container-demuxer-webm: 4f35f7cbe854078d1ac9338744f61a02 -> 
  custom:container-demuxer-ogg: 62fdf1f143b41e24485cea50d1cbac27 -> 
  custom:video-encoder-webm-vp8: eb34c28f22e8b96e1ab97ce403110664 -> 
  custom:video-decoder-webm-vp8: 9c59270c3fd7afecdb556c50c9e8de78 -> 
  custom:audio-decoder-ogg-vorbis: bf7c407c2cedff20999df2af8eb42d56 -> 
  custom:audio-encoder-webm-vorbis: bf7c407c2cedff20999df2af8eb42d56 -> 
========================================================================
Received Prepare
Registering precompiled user dll's ...
Registered in 0.013158 seconds.
Begin MonoManager ReloadAssembly
Symbol file LoadedFromMemory doesn't match image F:\Github\2D Archer Game\Library\PackageCache\com.unity.visualscripting@1.6.1\Editor\VisualScripting.Core\Dependencies\YamlDotNet\Unity.VisualScripting.YamlDotNet.dll
Symbol file LoadedFromMemory doesn't match image F:\Github\2D Archer Game\Library\PackageCache\com.unity.visualscripting@1.6.1\Editor\VisualScripting.Core\Dependencies\DotNetZip\Unity.VisualScripting.IonicZip.dll
Native extension for WindowsStandalone target not found
Native extension for WebGL target not found
Refreshing native plugins compatible for Editor in 1.20 ms, found 4 plugins.
Preloading 0 native plugins for Editor in 0.00 ms.
Mono: successfully reloaded assembly
- Completed reload, in  1.623 seconds
Domain Reload Profiling:
	ReloadAssembly (1623ms)
		BeginReloadAssembly (172ms)
			ExecutionOrderSort (0ms)
			DisableScriptedObjects (7ms)
			BackupInstance (0ms)
			ReleaseScriptingObjects (0ms)
			CreateAndSetChildDomain (53ms)
		EndReloadAssembly (1358ms)
			LoadAssemblies (185ms)
			RebuildTransferFunctionScriptingTraits (0ms)
			SetupTypeCache (528ms)
			ReleaseScriptCaches (2ms)
			RebuildScriptCaches (62ms)
			SetupLoadedEditorAssemblies (428ms)
				LogAssemblyErrors (0ms)
				InitializePlatformSupportModulesInManaged (7ms)
				SetLoadedEditorAssemblies (1ms)
				RefreshPlugins (1ms)
				BeforeProcessingInitializeOnLoad (118ms)
				ProcessInitializeOnLoadAttributes (273ms)
				ProcessInitializeOnLoadMethodAttributes (11ms)
				AfterProcessingInitializeOnLoad (16ms)
				EditorAssembliesLoaded (0ms)
			ExecutionOrderSort2 (0ms)
			AwakeInstancesAfterBackupRestoration (13ms)
Platform modules already initialized, skipping
Refreshing native plugins compatible for Editor in 0.90 ms, found 4 plugins.
Preloading 0 native plugins for Editor in 0.00 ms.
Unloading 3803 Unused Serialized files (Serialized files now loaded: 0)
System memory in use before: 146.3 MB.
System memory in use after: 146.4 MB.

Unloading 26 unused Assets to reduce memory usage. Loaded Objects now: 4276.
Total: 3.401400 ms (FindLiveObjects: 0.506500 ms CreateObjectMapping: 0.193000 ms MarkObjects: 2.535800 ms  DeleteObjects: 0.164400 ms)

AssetImportParameters requested are different than current active one (requested -> active):
  custom:framework-win-MediaFoundation: 216162199b28c13a410421893ffa2e32 -> 
  custom:video-decoder-ogg-theora: a1e56fd34408186e4bbccfd4996cb3dc -> 
  custom:container-muxer-webm: aa71ff27fc2769a1b78a27578f13a17b -> 
  custom:container-demuxer-webm: 4f35f7cbe854078d1ac9338744f61a02 -> 
  custom:container-demuxer-ogg: 62fdf1f143b41e24485cea50d1cbac27 -> 
  custom:video-encoder-webm-vp8: eb34c28f22e8b96e1ab97ce403110664 -> 
  custom:video-decoder-webm-vp8: 9c59270c3fd7afecdb556c50c9e8de78 -> 
  custom:audio-decoder-ogg-vorbis: bf7c407c2cedff20999df2af8eb42d56 -> 
  custom:audio-encoder-webm-vorbis: bf7c407c2cedff20999df2af8eb42d56 -> 
========================================================================
Received Import Request.
  Time since last request: 418.889659 seconds.
  path: Assets/Prefabs/Arrow Ai 1.prefab
  artifactKey: Guid(1b6bf0cc4b9e9f84c85afb4fb08b6d62) Importer(815301076,1909f56bfc062723c751e8b465ee728b)
Start importing Assets/Prefabs/Arrow Ai 1.prefab using Guid(1b6bf0cc4b9e9f84c85afb4fb08b6d62) Importer(815301076,1909f56bfc062723c751e8b465ee728b)  -> (artifact id: '4d236183cd9fcfa6645eb19c2b48c717') in 0.091786 seconds 
========================================================================
Received Prepare
Registering precompiled user dll's ...
Registered in 0.010726 seconds.
Begin MonoManager ReloadAssembly
Symbol file LoadedFromMemory doesn't match image F:\Github\2D Archer Game\Library\PackageCache\com.unity.visualscripting@1.6.1\Editor\VisualScripting.Core\Dependencies\YamlDotNet\Unity.VisualScripting.YamlDotNet.dll
Symbol file LoadedFromMemory doesn't match image F:\Github\2D Archer Game\Library\PackageCache\com.unity.visualscripting@1.6.1\Editor\VisualScripting.Core\Dependencies\DotNetZip\Unity.VisualScripting.IonicZip.dll
Native extension for WindowsStandalone target not found
Native extension for WebGL target not found
Refreshing native plugins compatible for Editor in 0.83 ms, found 4 plugins.
Preloading 0 native plugins for Editor in 0.00 ms.
Mono: successfully reloaded assembly
- Completed reload, in  1.363 seconds
Domain Reload Profiling:
	ReloadAssembly (1364ms)
		BeginReloadAssembly (190ms)
			ExecutionOrderSort (0ms)
			DisableScriptedObjects (6ms)
			BackupInstance (0ms)
			ReleaseScriptingObjects (0ms)
			CreateAndSetChildDomain (80ms)
		EndReloadAssembly (1085ms)
			LoadAssemblies (130ms)
			RebuildTransferFunctionScriptingTraits (0ms)
			SetupTypeCache (417ms)
			ReleaseScriptCaches (1ms)
			RebuildScriptCaches (51ms)
			SetupLoadedEditorAssemblies (368ms)
				LogAssemblyErrors (0ms)
				InitializePlatformSupportModulesInManaged (7ms)
				SetLoadedEditorAssemblies (0ms)
				RefreshPlugins (1ms)
				BeforeProcessingInitializeOnLoad (101ms)
				ProcessInitializeOnLoadAttributes (236ms)
				ProcessInitializeOnLoadMethodAttributes (9ms)
				AfterProcessingInitializeOnLoad (14ms)
				EditorAssembliesLoaded (0ms)
			ExecutionOrderSort2 (0ms)
			AwakeInstancesAfterBackupRestoration (12ms)
Platform modules already initialized, skipping
Refreshing native plugins compatible for Editor in 1.03 ms, found 4 plugins.
Preloading 0 native plugins for Editor in 0.00 ms.
Unloading 3803 Unused Serialized files (Serialized files now loaded: 0)
System memory in use before: 146.3 MB.
System memory in use after: 146.4 MB.

Unloading 26 unused Assets to reduce memory usage. Loaded Objects now: 4280.
Total: 3.855800 ms (FindLiveObjects: 0.333700 ms CreateObjectMapping: 0.250800 ms MarkObjects: 3.059200 ms  DeleteObjects: 0.210400 ms)

AssetImportParameters requested are different than current active one (requested -> active):
  custom:framework-win-MediaFoundation: 216162199b28c13a410421893ffa2e32 -> 
  custom:video-decoder-ogg-theora: a1e56fd34408186e4bbccfd4996cb3dc -> 
  custom:container-muxer-webm: aa71ff27fc2769a1b78a27578f13a17b -> 
  custom:container-demuxer-webm: 4f35f7cbe854078d1ac9338744f61a02 -> 
  custom:container-demuxer-ogg: 62fdf1f143b41e24485cea50d1cbac27 -> 
  custom:video-encoder-webm-vp8: eb34c28f22e8b96e1ab97ce403110664 -> 
  custom:video-decoder-webm-vp8: 9c59270c3fd7afecdb556c50c9e8de78 -> 
  custom:audio-decoder-ogg-vorbis: bf7c407c2cedff20999df2af8eb42d56 -> 
  custom:audio-encoder-webm-vorbis: bf7c407c2cedff20999df2af8eb42d56 -> 
========================================================================
Received Prepare
Registering precompiled user dll's ...
Registered in 0.011499 seconds.
Begin MonoManager ReloadAssembly
Symbol file LoadedFromMemory doesn't match image F:\Github\2D Archer Game\Library\PackageCache\com.unity.visualscripting@1.6.1\Editor\VisualScripting.Core\Dependencies\YamlDotNet\Unity.VisualScripting.YamlDotNet.dll
Symbol file LoadedFromMemory doesn't match image F:\Github\2D Archer Game\Library\PackageCache\com.unity.visualscripting@1.6.1\Editor\VisualScripting.Core\Dependencies\DotNetZip\Unity.VisualScripting.IonicZip.dll
Native extension for WindowsStandalone target not found
Native extension for WebGL target not found
Refreshing native plugins compatible for Editor in 0.98 ms, found 4 plugins.
Preloading 0 native plugins for Editor in 0.00 ms.
Mono: successfully reloaded assembly
- Completed reload, in  1.487 seconds
Domain Reload Profiling:
	ReloadAssembly (1488ms)
		BeginReloadAssembly (144ms)
			ExecutionOrderSort (0ms)
			DisableScriptedObjects (6ms)
			BackupInstance (0ms)
			ReleaseScriptingObjects (0ms)
			CreateAndSetChildDomain (40ms)
		EndReloadAssembly (1266ms)
			LoadAssemblies (129ms)
			RebuildTransferFunctionScriptingTraits (0ms)
			SetupTypeCache (530ms)
			ReleaseScriptCaches (2ms)
			RebuildScriptCaches (69ms)
			SetupLoadedEditorAssemblies (390ms)
				LogAssemblyErrors (0ms)
				InitializePlatformSupportModulesInManaged (7ms)
				SetLoadedEditorAssemblies (1ms)
				RefreshPlugins (1ms)
				BeforeProcessingInitializeOnLoad (114ms)
				ProcessInitializeOnLoadAttributes (243ms)
				ProcessInitializeOnLoadMethodAttributes (10ms)
				AfterProcessingInitializeOnLoad (14ms)
				EditorAssembliesLoaded (0ms)
			ExecutionOrderSort2 (0ms)
			AwakeInstancesAfterBackupRestoration (11ms)
Platform modules already initialized, skipping
Refreshing native plugins compatible for Editor in 0.82 ms, found 4 plugins.
Preloading 0 native plugins for Editor in 0.00 ms.
Unloading 3803 Unused Serialized files (Serialized files now loaded: 0)
System memory in use before: 146.3 MB.
System memory in use after: 146.4 MB.

Unloading 26 unused Assets to reduce memory usage. Loaded Objects now: 4283.
Total: 3.655400 ms (FindLiveObjects: 0.330700 ms CreateObjectMapping: 0.321600 ms MarkObjects: 2.852000 ms  DeleteObjects: 0.149700 ms)

AssetImportParameters requested are different than current active one (requested -> active):
  custom:framework-win-MediaFoundation: 216162199b28c13a410421893ffa2e32 -> 
  custom:video-decoder-ogg-theora: a1e56fd34408186e4bbccfd4996cb3dc -> 
  custom:container-muxer-webm: aa71ff27fc2769a1b78a27578f13a17b -> 
  custom:container-demuxer-webm: 4f35f7cbe854078d1ac9338744f61a02 -> 
  custom:container-demuxer-ogg: 62fdf1f143b41e24485cea50d1cbac27 -> 
  custom:video-encoder-webm-vp8: eb34c28f22e8b96e1ab97ce403110664 -> 
  custom:video-decoder-webm-vp8: 9c59270c3fd7afecdb556c50c9e8de78 -> 
  custom:audio-decoder-ogg-vorbis: bf7c407c2cedff20999df2af8eb42d56 -> 
  custom:audio-encoder-webm-vorbis: bf7c407c2cedff20999df2af8eb42d56 -> 
========================================================================
Received Prepare
Registering precompiled user dll's ...
Registered in 0.504353 seconds.
Begin MonoManager ReloadAssembly
Symbol file LoadedFromMemory doesn't match image F:\Github\2D Archer Game\Library\PackageCache\com.unity.visualscripting@1.6.1\Editor\VisualScripting.Core\Dependencies\YamlDotNet\Unity.VisualScripting.YamlDotNet.dll
Symbol file LoadedFromMemory doesn't match image F:\Github\2D Archer Game\Library\PackageCache\com.unity.visualscripting@1.6.1\Editor\VisualScripting.Core\Dependencies\DotNetZip\Unity.VisualScripting.IonicZip.dll
Native extension for WindowsStandalone target not found
Native extension for WebGL target not found
Refreshing native plugins compatible for Editor in 0.80 ms, found 4 plugins.
Preloading 0 native plugins for Editor in 0.00 ms.
Mono: successfully reloaded assembly
- Completed reload, in  3.808 seconds
Domain Reload Profiling:
	ReloadAssembly (3809ms)
		BeginReloadAssembly (236ms)
			ExecutionOrderSort (0ms)
			DisableScriptedObjects (7ms)
			BackupInstance (0ms)
			ReleaseScriptingObjects (0ms)
			CreateAndSetChildDomain (48ms)
		EndReloadAssembly (3474ms)
			LoadAssemblies (1870ms)
			RebuildTransferFunctionScriptingTraits (0ms)
			SetupTypeCache (466ms)
			ReleaseScriptCaches (1ms)
			RebuildScriptCaches (63ms)
			SetupLoadedEditorAssemblies (807ms)
				LogAssemblyErrors (0ms)
				InitializePlatformSupportModulesInManaged (6ms)
				SetLoadedEditorAssemblies (0ms)
				RefreshPlugins (1ms)
				BeforeProcessingInitializeOnLoad (112ms)
				ProcessInitializeOnLoadAttributes (659ms)
				ProcessInitializeOnLoadMethodAttributes (11ms)
				AfterProcessingInitializeOnLoad (16ms)
				EditorAssembliesLoaded (0ms)
			ExecutionOrderSort2 (0ms)
			AwakeInstancesAfterBackupRestoration (13ms)
Platform modules already initialized, skipping
Refreshing native plugins compatible for Editor in 1.27 ms, found 4 plugins.
Preloading 0 native plugins for Editor in 0.00 ms.
Unloading 3803 Unused Serialized files (Serialized files now loaded: 0)
System memory in use before: 146.3 MB.
System memory in use after: 146.4 MB.

Unloading 26 unused Assets to reduce memory usage. Loaded Objects now: 4286.
Total: 3.291100 ms (FindLiveObjects: 0.312600 ms CreateObjectMapping: 0.164900 ms MarkObjects: 2.671100 ms  DeleteObjects: 0.141800 ms)

AssetImportParameters requested are different than current active one (requested -> active):
  custom:framework-win-MediaFoundation: 216162199b28c13a410421893ffa2e32 -> 
  custom:video-decoder-ogg-theora: a1e56fd34408186e4bbccfd4996cb3dc -> 
  custom:container-muxer-webm: aa71ff27fc2769a1b78a27578f13a17b -> 
  custom:container-demuxer-webm: 4f35f7cbe854078d1ac9338744f61a02 -> 
  custom:container-demuxer-ogg: 62fdf1f143b41e24485cea50d1cbac27 -> 
  custom:video-encoder-webm-vp8: eb34c28f22e8b96e1ab97ce403110664 -> 
  custom:video-decoder-webm-vp8: 9c59270c3fd7afecdb556c50c9e8de78 -> 
  custom:audio-decoder-ogg-vorbis: bf7c407c2cedff20999df2af8eb42d56 -> 
  custom:audio-encoder-webm-vorbis: bf7c407c2cedff20999df2af8eb42d56 -> 
AssetImportWorkerClient::OnTransportError - code=2 error=End of file
